[INFO ] 2020-04-11 02:16:09.611 [main] BaseClass2 - Initializing Chrome Driver
[INFO ] 2020-04-11 02:16:15.142 [main] BaseClass2 - Maximizing chrome browser
[INFO ] 2020-04-11 02:16:19.285 [main] BaseClass2 - Going on settings page...
[INFO ] 2020-04-11 02:16:23.756 [main] BaseClass2 - Clicking on Provider dropdown
[INFO ] 2020-04-11 02:16:24.861 [main] BaseClass2 - Waiting for visibility of Element:[[ChromeDriver: chrome on WINDOWS (bef30f9b72badf9f6fd120f176ad6724)] -> id: adf-provider-selector]
[INFO ] 2020-04-11 02:16:25.150 [main] BaseClass2 - Selecting value : ECM
[INFO ] 2020-04-11 02:16:25.299 [main] BaseClass2 - Clicking on Apply button
[INFO ] 2020-04-11 02:16:25.314 [main] BaseClass2 - Waiting for visibility of Element:[[ChromeDriver: chrome on WINDOWS (bef30f9b72badf9f6fd120f176ad6724)] -> id: host-button]
[INFO ] 2020-04-11 02:16:25.425 [main] BaseClass2 - Verifying if Alfresco logo is dislayed
[INFO ] 2020-04-11 02:16:25.734 [main] BaseClass2 - Waiting for visibility of Element:[[ChromeDriver: chrome on WINDOWS (bef30f9b72badf9f6fd120f176ad6724)] -> id: adf-login-img-logo]
[INFO ] 2020-04-11 02:16:26.317 [main] BaseClass2 - Verifying if Element is displayed:[[ChromeDriver: chrome on WINDOWS (bef30f9b72badf9f6fd120f176ad6724)] -> id: adf-login-img-logo]
[INFO ] 2020-04-11 02:16:26.340 [main] BaseClass2 - Element displayed successfully
[INFO ] 2020-04-11 02:16:26.341 [main] BaseClass2 - Entering Username:guest@example.com
[INFO ] 2020-04-11 02:16:26.354 [main] BaseClass2 - Waiting for visibility of Element:[[ChromeDriver: chrome on WINDOWS (bef30f9b72badf9f6fd120f176ad6724)] -> id: username]
[INFO ] 2020-04-11 02:16:26.530 [main] BaseClass2 - Entering Password:Password
[INFO ] 2020-04-11 02:16:26.627 [main] BaseClass2 - Clicking Login Button
[INFO ] 2020-04-11 02:16:26.641 [main] BaseClass2 - Waiting for visibility of Element:[[ChromeDriver: chrome on WINDOWS (bef30f9b72badf9f6fd120f176ad6724)] -> id: login-button]
[INFO ] 2020-04-11 02:16:27.349 [main] BaseClass2 - Waiting for visibility of Element:[[ChromeDriver: chrome on WINDOWS (bef30f9b72badf9f6fd120f176ad6724)] -> id: adf-userinfo-ecm-name-display]
[INFO ] 2020-04-11 02:16:27.400 [main] BaseClass2 - Verifying if Element is displayed:[[ChromeDriver: chrome on WINDOWS (bef30f9b72badf9f6fd120f176ad6724)] -> id: adf-userinfo-ecm-name-display]
[INFO ] 2020-04-11 02:16:27.424 [main] BaseClass2 - Element displayed successfully
[INFO ] 2020-04-11 02:16:27.428 [main] BaseClass2 - Going to Files Page
[INFO ] 2020-04-11 02:16:27.428 [main] BaseClass2 - Wait for Sec:3
[INFO ] 2020-04-11 02:16:30.428 [main] BaseClass2 - Clicking on Side MEnu ButtonContent Services
[INFO ] 2020-04-11 02:16:30.460 [main] BaseClass2 - Waiting for visibility of List:[[[ChromeDriver: chrome on WINDOWS (bef30f9b72badf9f6fd120f176ad6724)] -> css selector: .app-sidenav-linklist span.mat-line], [[ChromeDriver: chrome on WINDOWS (bef30f9b72badf9f6fd120f176ad6724)] -> css selector: .app-sidenav-linklist span.mat-line], [[ChromeDriver: chrome on WINDOWS (bef30f9b72badf9f6fd120f176ad6724)] -> css selector: .app-sidenav-linklist span.mat-line], [[ChromeDriver: chrome on WINDOWS (bef30f9b72badf9f6fd120f176ad6724)] -> css selector: .app-sidenav-linklist span.mat-line], [[ChromeDriver: chrome on WINDOWS (bef30f9b72badf9f6fd120f176ad6724)] -> css selector: .app-sidenav-linklist span.mat-line], [[ChromeDriver: chrome on WINDOWS (bef30f9b72badf9f6fd120f176ad6724)] -> css selector: .app-sidenav-linklist span.mat-line], [[ChromeDriver: chrome on WINDOWS (bef30f9b72badf9f6fd120f176ad6724)] -> css selector: .app-sidenav-linklist span.mat-line], [[ChromeDriver: chrome on WINDOWS (bef30f9b72badf9f6fd120f176ad6724)] -> css selector: .app-sidenav-linklist span.mat-line], [[ChromeDriver: chrome on WINDOWS (bef30f9b72badf9f6fd120f176ad6724)] -> css selector: .app-sidenav-linklist span.mat-line], [[ChromeDriver: chrome on WINDOWS (bef30f9b72badf9f6fd120f176ad6724)] -> css selector: .app-sidenav-linklist span.mat-line], [[ChromeDriver: chrome on WINDOWS (bef30f9b72badf9f6fd120f176ad6724)] -> css selector: .app-sidenav-linklist span.mat-line], [[ChromeDriver: chrome on WINDOWS (bef30f9b72badf9f6fd120f176ad6724)] -> css selector: .app-sidenav-linklist span.mat-line], [[ChromeDriver: chrome on WINDOWS (bef30f9b72badf9f6fd120f176ad6724)] -> css selector: .app-sidenav-linklist span.mat-line], [[ChromeDriver: chrome on WINDOWS (bef30f9b72badf9f6fd120f176ad6724)] -> css selector: .app-sidenav-linklist span.mat-line], [[ChromeDriver: chrome on WINDOWS (bef30f9b72badf9f6fd120f176ad6724)] -> css selector: .app-sidenav-linklist span.mat-line], [[ChromeDriver: chrome on WINDOWS (bef30f9b72badf9f6fd120f176ad6724)] -> css selector: .app-sidenav-linklist span.mat-line], [[ChromeDriver: chrome on WINDOWS (bef30f9b72badf9f6fd120f176ad6724)] -> css selector: .app-sidenav-linklist span.mat-line], [[ChromeDriver: chrome on WINDOWS (bef30f9b72badf9f6fd120f176ad6724)] -> css selector: .app-sidenav-linklist span.mat-line], [[ChromeDriver: chrome on WINDOWS (bef30f9b72badf9f6fd120f176ad6724)] -> css selector: .app-sidenav-linklist span.mat-line], [[ChromeDriver: chrome on WINDOWS (bef30f9b72badf9f6fd120f176ad6724)] -> css selector: .app-sidenav-linklist span.mat-line], [[ChromeDriver: chrome on WINDOWS (bef30f9b72badf9f6fd120f176ad6724)] -> css selector: .app-sidenav-linklist span.mat-line], [[ChromeDriver: chrome on WINDOWS (bef30f9b72badf9f6fd120f176ad6724)] -> css selector: .app-sidenav-linklist span.mat-line], [[ChromeDriver: chrome on WINDOWS (bef30f9b72badf9f6fd120f176ad6724)] -> css selector: .app-sidenav-linklist span.mat-line], [[ChromeDriver: chrome on WINDOWS (bef30f9b72badf9f6fd120f176ad6724)] -> css selector: .app-sidenav-linklist span.mat-line], [[ChromeDriver: chrome on WINDOWS (bef30f9b72badf9f6fd120f176ad6724)] -> css selector: .app-sidenav-linklist span.mat-line], [[ChromeDriver: chrome on WINDOWS (bef30f9b72badf9f6fd120f176ad6724)] -> css selector: .app-sidenav-linklist span.mat-line], [[ChromeDriver: chrome on WINDOWS (bef30f9b72badf9f6fd120f176ad6724)] -> css selector: .app-sidenav-linklist span.mat-line], [[ChromeDriver: chrome on WINDOWS (bef30f9b72badf9f6fd120f176ad6724)] -> css selector: .app-sidenav-linklist span.mat-line], [[ChromeDriver: chrome on WINDOWS (bef30f9b72badf9f6fd120f176ad6724)] -> css selector: .app-sidenav-linklist span.mat-line], [[ChromeDriver: chrome on WINDOWS (bef30f9b72badf9f6fd120f176ad6724)] -> css selector: .app-sidenav-linklist span.mat-line]]
[INFO ] 2020-04-11 02:16:31.050 [main] BaseClass2 - Clicking Button: Content Services
[INFO ] 2020-04-11 02:16:31.317 [main] BaseClass2 - Creating New Folder: kalpesh-dixit-ness
[INFO ] 2020-04-11 02:16:31.317 [main] BaseClass2 - Wait for Sec:4
[INFO ] 2020-04-11 02:16:35.928 [main] BaseClass2 - Entering Folder Name:kalpesh-dixit-ness
[INFO ] 2020-04-11 02:16:35.976 [main] BaseClass2 - Waiting for visibility of Element:[[ChromeDriver: chrome on WINDOWS (bef30f9b72badf9f6fd120f176ad6724)] -> id: adf-folder-name-input]
[INFO ] 2020-04-11 02:16:36.627 [main] BaseClass2 - Waiting for visibility of Element:[[ChromeDriver: chrome on WINDOWS (bef30f9b72badf9f6fd120f176ad6724)] -> id: adf-folder-create-button]
[INFO ] 2020-04-11 02:16:36.773 [main] BaseClass2 - Waiting for visibility of List:[[[ChromeDriver: chrome on WINDOWS (bef30f9b72badf9f6fd120f176ad6724)] -> css selector: adf-datatable-row.adf-datatable-row], [[ChromeDriver: chrome on WINDOWS (bef30f9b72badf9f6fd120f176ad6724)] -> css selector: adf-datatable-row.adf-datatable-row], [[ChromeDriver: chrome on WINDOWS (bef30f9b72badf9f6fd120f176ad6724)] -> css selector: adf-datatable-row.adf-datatable-row], [[ChromeDriver: chrome on WINDOWS (bef30f9b72badf9f6fd120f176ad6724)] -> css selector: adf-datatable-row.adf-datatable-row], [[ChromeDriver: chrome on WINDOWS (bef30f9b72badf9f6fd120f176ad6724)] -> css selector: adf-datatable-row.adf-datatable-row], [[ChromeDriver: chrome on WINDOWS (bef30f9b72badf9f6fd120f176ad6724)] -> css selector: adf-datatable-row.adf-datatable-row], [[ChromeDriver: chrome on WINDOWS (bef30f9b72badf9f6fd120f176ad6724)] -> css selector: adf-datatable-row.adf-datatable-row], [[ChromeDriver: chrome on WINDOWS (bef30f9b72badf9f6fd120f176ad6724)] -> css selector: adf-datatable-row.adf-datatable-row], [[ChromeDriver: chrome on WINDOWS (bef30f9b72badf9f6fd120f176ad6724)] -> css selector: adf-datatable-row.adf-datatable-row], [[ChromeDriver: chrome on WINDOWS (bef30f9b72badf9f6fd120f176ad6724)] -> css selector: adf-datatable-row.adf-datatable-row], [[ChromeDriver: chrome on WINDOWS (bef30f9b72badf9f6fd120f176ad6724)] -> css selector: adf-datatable-row.adf-datatable-row], [[ChromeDriver: chrome on WINDOWS (bef30f9b72badf9f6fd120f176ad6724)] -> css selector: adf-datatable-row.adf-datatable-row], [[ChromeDriver: chrome on WINDOWS (bef30f9b72badf9f6fd120f176ad6724)] -> css selector: adf-datatable-row.adf-datatable-row], [[ChromeDriver: chrome on WINDOWS (bef30f9b72badf9f6fd120f176ad6724)] -> css selector: adf-datatable-row.adf-datatable-row], [[ChromeDriver: chrome on WINDOWS (bef30f9b72badf9f6fd120f176ad6724)] -> css selector: adf-datatable-row.adf-datatable-row], [[ChromeDriver: chrome on WINDOWS (bef30f9b72badf9f6fd120f176ad6724)] -> css selector: adf-datatable-row.adf-datatable-row], [[ChromeDriver: chrome on WINDOWS (bef30f9b72badf9f6fd120f176ad6724)] -> css selector: adf-datatable-row.adf-datatable-row], [[ChromeDriver: chrome on WINDOWS (bef30f9b72badf9f6fd120f176ad6724)] -> css selector: adf-datatable-row.adf-datatable-row], [[ChromeDriver: chrome on WINDOWS (bef30f9b72badf9f6fd120f176ad6724)] -> css selector: adf-datatable-row.adf-datatable-row], [[ChromeDriver: chrome on WINDOWS (bef30f9b72badf9f6fd120f176ad6724)] -> css selector: adf-datatable-row.adf-datatable-row], [[ChromeDriver: chrome on WINDOWS (bef30f9b72badf9f6fd120f176ad6724)] -> css selector: adf-datatable-row.adf-datatable-row]]
[INFO ] 2020-04-11 02:16:37.214 [main] BaseClass2 - Wait for Sec:2
[INFO ] 2020-04-11 02:16:39.336 [main] BaseClass2 - Creating New Folder: kalpesh-dixit-ness
[INFO ] 2020-04-11 02:16:39.336 [main] BaseClass2 - Wait for Sec:4
[INFO ] 2020-04-11 02:16:43.767 [main] BaseClass2 - Entering Folder Name:kalpesh-dixit-ness
[INFO ] 2020-04-11 02:16:43.807 [main] BaseClass2 - Waiting for visibility of Element:[[ChromeDriver: chrome on WINDOWS (bef30f9b72badf9f6fd120f176ad6724)] -> id: adf-folder-name-input]
[INFO ] 2020-04-11 02:16:44.487 [main] BaseClass2 - Waiting for visibility of Element:[[ChromeDriver: chrome on WINDOWS (bef30f9b72badf9f6fd120f176ad6724)] -> id: adf-folder-create-button]
[INFO ] 2020-04-11 02:16:44.621 [main] BaseClass2 - Wait for Sec:2
[INFO ] 2020-04-11 02:16:46.680 [main] BaseClass2 - Waiting for visibility of Element:[[ChromeDriver: chrome on WINDOWS (bef30f9b72badf9f6fd120f176ad6724)] -> id: adf-folder-cancel-button]
[INFO ] 2020-04-11 02:16:46.805 [main] BaseClass2 - Deleting Folder:kalpesh-dixit-ness
[INFO ] 2020-04-11 02:16:46.819 [main] BaseClass2 - Number of Folders:21
[INFO ] 2020-04-11 02:16:46.871 [main] BaseClass2 - Number of Folders:21
[INFO ] 2020-04-11 02:16:46.923 [main] BaseClass2 - Number of Folders:21
[INFO ] 2020-04-11 02:16:46.945 [main] BaseClass2 - Number of Folders:21
[INFO ] 2020-04-11 02:16:47.146 [main] BaseClass2 - Waiting for visibility of Element:[[ChromeDriver: chrome on WINDOWS (bef30f9b72badf9f6fd120f176ad6724)] -> css selector: button.mat-menu-item.ng-star-inserted:nth-child(5)]
[INFO ] 2020-04-11 02:16:47.179 [main] BaseClass2 - Clicking on Delete Button
[INFO ] 2020-04-11 02:16:47.365 [main] BaseClass2 - Wait for Sec:2
[INFO ] 2020-04-11 02:16:49.436 [main] BaseClass2 - Closing the App
